2026/06/18 12:57:23 [notice] 1#1: using the "epoll" event method
2026/06/18 12:57:23 [notice] 1#1: nginx/1.31.2
2026/06/18 12:57:23 [notice] 1#1: built by gcc 15.2.0 (Alpine 15.2.0) 
2026/06/18 12:57:23 [notice] 1#1: OS: Linux 6.8.0-124-generic
2026/06/18 12:57:23 [notice] 1#1: getrlimit(RLIMIT_NOFILE): 1024:524288
2026/06/18 12:57:23 [notice] 1#1: start worker processes
2026/06/18 12:57:23 [notice] 1#1: start worker process 30
2026/06/18 12:57:23 [notice] 1#1: start worker process 31
2026/06/18 12:57:23 [notice] 1#1: start worker process 32
2026/06/18 12:57:23 [notice] 1#1: start worker process 33
2026/06/18 13:07:42 [notice] 1#1: signal 3 (SIGQUIT) received, shutting down
2026/06/18 13:07:42 [notice] 30#30: gracefully shutting down
2026/06/18 13:07:42 [notice] 30#30: exiting
2026/06/18 13:07:42 [notice] 30#30: exit
2026/06/18 13:07:42 [notice] 31#31: gracefully shutting down
2026/06/18 13:07:42 [notice] 33#33: gracefully shutting down
2026/06/18 13:07:42 [notice] 31#31: exiting
2026/06/18 13:07:42 [notice] 33#33: exiting
2026/06/18 13:07:42 [notice] 31#31: exit
2026/06/18 13:07:42 [notice] 33#33: exit
2026/06/18 13:07:42 [notice] 32#32: gracefully shutting down
2026/06/18 13:07:42 [notice] 32#32: exiting
2026/06/18 13:07:42 [notice] 32#32: exit
2026/06/18 13:07:42 [notice] 1#1: signal 17 (SIGCHLD) received from 33
2026/06/18 13:07:42 [notice] 1#1: worker process 32 exited with code 0
2026/06/18 13:07:42 [notice] 1#1: worker process 33 exited with code 0
2026/06/18 13:07:42 [notice] 1#1: signal 29 (SIGIO) received
2026/06/18 13:07:42 [notice] 1#1: signal 17 (SIGCHLD) received from 30
2026/06/18 13:07:42 [notice] 1#1: worker process 30 exited with code 0
2026/06/18 13:07:42 [notice] 1#1: worker process 31 exited with code 0
2026/06/18 13:07:42 [notice] 1#1: exit
2026/06/18 13:09:07 [notice] 1#1: using the "epoll" event method
2026/06/18 13:09:07 [notice] 1#1: nginx/1.31.2
2026/06/18 13:09:07 [notice] 1#1: built by gcc 15.2.0 (Alpine 15.2.0) 
2026/06/18 13:09:07 [notice] 1#1: OS: Linux 6.8.0-124-generic
2026/06/18 13:09:07 [notice] 1#1: getrlimit(RLIMIT_NOFILE): 1024:524288
2026/06/18 13:09:07 [notice] 1#1: start worker processes
2026/06/18 13:09:07 [notice] 1#1: start worker process 30
2026/06/18 13:09:07 [notice] 1#1: start worker process 31
2026/06/18 13:09:07 [notice] 1#1: start worker process 32
2026/06/18 13:09:07 [notice] 1#1: start worker process 33
2026/06/18 13:38:08 [error] 33#33: *51 open() "/usr/share/nginx/html/page-inexistante-1" failed (2: No such file or directory), client: 172.19.0.1, server: localhost, request: "GET /page-inexistante-1 HTTP/1.1", host: "localhost"
2026/06/18 13:38:08 [error] 33#33: *52 open() "/usr/share/nginx/html/page-inexistante-2" failed (2: No such file or directory), client: 172.19.0.1, server: localhost, request: "GET /page-inexistante-2 HTTP/1.1", host: "localhost"
2026/06/18 13:38:08 [error] 32#32: *53 open() "/usr/share/nginx/html/page-inexistante-3" failed (2: No such file or directory), client: 172.19.0.1, server: localhost, request: "GET /page-inexistante-3 HTTP/1.1", host: "localhost"
2026/06/18 13:38:08 [error] 32#32: *54 open() "/usr/share/nginx/html/page-inexistante-4" failed (2: No such file or directory), client: 172.19.0.1, server: localhost, request: "GET /page-inexistante-4 HTTP/1.1", host: "localhost"
2026/06/18 13:38:08 [error] 32#32: *55 open() "/usr/share/nginx/html/page-inexistante-5" failed (2: No such file or directory), client: 172.19.0.1, server: localhost, request: "GET /page-inexistante-5 HTTP/1.1", host: "localhost"
2026/06/18 13:56:29 [notice] 1#1: signal 3 (SIGQUIT) received, shutting down
2026/06/18 13:56:29 [notice] 30#30: gracefully shutting down
2026/06/18 13:56:29 [notice] 33#33: gracefully shutting down
2026/06/18 13:56:29 [notice] 31#31: gracefully shutting down
2026/06/18 13:56:29 [notice] 30#30: exiting
2026/06/18 13:56:29 [notice] 31#31: exiting
2026/06/18 13:56:29 [notice] 30#30: exit
2026/06/18 13:56:29 [notice] 31#31: exit
2026/06/18 13:56:29 [notice] 33#33: exiting
2026/06/18 13:56:29 [notice] 33#33: exit
2026/06/18 13:56:29 [notice] 32#32: gracefully shutting down
2026/06/18 13:56:29 [notice] 32#32: exiting
2026/06/18 13:56:29 [notice] 32#32: exit
2026/06/18 13:56:29 [notice] 1#1: signal 17 (SIGCHLD) received from 31
2026/06/18 13:56:29 [notice] 1#1: worker process 31 exited with code 0
2026/06/18 13:56:29 [notice] 1#1: signal 29 (SIGIO) received
2026/06/18 13:56:29 [notice] 1#1: signal 17 (SIGCHLD) received from 33
2026/06/18 13:56:29 [notice] 1#1: worker process 33 exited with code 0
2026/06/18 13:56:29 [notice] 1#1: signal 29 (SIGIO) received
2026/06/18 13:56:29 [notice] 1#1: signal 17 (SIGCHLD) received from 30
2026/06/18 13:56:29 [notice] 1#1: worker process 30 exited with code 0
2026/06/18 13:56:29 [notice] 1#1: worker process 32 exited with code 0
2026/06/18 13:56:29 [notice] 1#1: exit
2026/06/18 13:57:37 [notice] 1#1: using the "epoll" event method
2026/06/18 13:57:37 [notice] 1#1: nginx/1.31.2
2026/06/18 13:57:37 [notice] 1#1: built by gcc 15.2.0 (Alpine 15.2.0) 
2026/06/18 13:57:37 [notice] 1#1: OS: Linux 6.8.0-124-generic
2026/06/18 13:57:37 [notice] 1#1: getrlimit(RLIMIT_NOFILE): 1024:524288
2026/06/18 13:57:37 [notice] 1#1: start worker processes
2026/06/18 13:57:37 [notice] 1#1: start worker process 22
2026/06/18 13:57:37 [notice] 1#1: start worker process 23
2026/06/18 13:57:37 [notice] 1#1: start worker process 24
2026/06/18 13:57:37 [notice] 1#1: start worker process 25
2026/06/18 14:54:04 [alert] 25#25: *114 write() to "/var/log/nginx/access.log" was incomplete: 55 of 98 while logging request, client: 172.19.0.2, server: localhost, request: "GET / HTTP/1.1", host: "nginx-web"
2026/06/18 14:55:04 [alert] 25#25: *116 write() to "/var/log/nginx/access.log" failed (28: No space left on device) while logging request, client: 172.19.0.2, server: localhost, request: "GET / HTTP/1.1", host: "nginx-web"
2026/06/18 14:55:34 [alert] 23#23: *117 write() to "/var/log/nginx/access.log" failed (28: No space left on device) while logging request, client: 172.19.0.2, server: localhost, request: "GET / HTTP/1.1", host: "nginx-web"
2026/06/18 14:56:34 [alert] 23#23: *119 write() to "/var/log/nginx/access.log" failed (28: No space left on device) while logging request, client: 172.19.0.2, server: localhost, request: "GET / HTTP/1.1", host: "nginx-web"
2026/06/18 14:57:34 [alert] 23#23: *121 write() to "/var/log/nginx/access.log" failed (28: No space left on device) while logging request, client: 172.19.0.2, server: localhost, request: "GET / HTTP/1.1", host: "nginx-web"
2026/06/18 14:58:34 [alert] 23#23: *123 write() to "/var/log/nginx/access.log" failed (28: No space left on device) while logging request, client: 172.19.0.2, server: localhost, request: "GET / HTTP/1.1", host: "nginx-web"
2026/06/18 14:59:34 [alert] 23#23: *125 write() to "/var/log/nginx/access.log" failed (28: No space left on device) while logging request, client: 172.19.0.2, server: localhost, request: "GET / HTTP/1.1", host: "nginx-web"
2026/06/18 15:00:34 [alert] 23#23: *127 write() to "/var/log/nginx/access.log" failed (28: No space left on device) while logging request, client: 172.19.0.2, server: localhost, request: "GET / HTTP/1.1", host: "nginx-web"
2026/06/18 15:01:34 [alert] 23#23: *129 write() to "/var/log/nginx/access.log" failed (28: No space left on device) while logging request, client: 172.19.0.2, server: localhost, request: "GET / HTTP/1.1", host: "nginx-web"
2026/06/18 15:02:34 [alert] 23#23: *131 write() to "/var/log/nginx/access.log" failed (28: No space left on device) while logging request, client: 172.19.0.2, server: localhost, request: "GET / HTTP/1.1", host: "nginx-web"
2026/06/18 15:03:34 [alert] 22#22: *133 write() to "/var/log/nginx/access.log" failed (28: No space left on device) while logging request, client: 172.19.0.2, server: localhost, request: "GET / HTTP/1.1", host: "nginx-web"
2026/06/18 15:04:34 [alert] 22#22: *135 write() to "/var/log/nginx/access.log" failed (28: No space left on device) while logging request, client: 172.19.0.2, server: localhost, request: "GET / HTTP/1.1", host: "nginx-web"
2026/06/18 15:05:34 [alert] 22#22: *137 write() to "/v2026/06/18 15:47:04 [notice] 1#1: using the "epoll" event method
2026/06/18 15:47:04 [notice] 1#1: nginx/1.31.2
2026/06/18 15:47:04 [notice] 1#1: built by gcc 15.2.0 (Alpine 15.2.0) 
2026/06/18 15:47:04 [notice] 1#1: OS: Linux 6.8.0-124-generic
2026/06/18 15:47:04 [notice] 1#1: getrlimit(RLIMIT_NOFILE): 1024:524288
2026/06/18 15:47:04 [notice] 1#1: start worker processes
2026/06/18 15:47:04 [notice] 1#1: start worker process 29
2026/06/18 15:47:04 [notice] 1#1: start worker process 30
2026/06/18 15:47:04 [notice] 1#1: start worker process 31
2026/06/18 15:47:04 [notice] 1#1: start worker process 32
2026/06/18 16:40:46 [error] 30#30: *2 open() "/usr/share/nginx/html/page-inexistante-1" failed (2: No such file or directory), client: 172.19.0.1, server: localhost, request: "GET /page-inexistante-1 HTTP/1.1", host: "localhost"
2026/06/18 16:40:46 [error] 32#32: *3 open() "/usr/share/nginx/html/page-inexistante-2" failed (2: No such file or directory), client: 172.19.0.1, server: localhost, request: "GET /page-inexistante-2 HTTP/1.1", host: "localhost"
2026/06/18 16:40:46 [error] 31#31: *4 open() "/usr/share/nginx/html/page-inexistante-3" failed (2: No such file or directory), client: 172.19.0.1, server: localhost, request: "GET /page-inexistante-3 HTTP/1.1", host: "localhost"
2026/06/18 16:40:46 [error] 29#29: *5 open() "/usr/share/nginx/html/page-inexistante-4" failed (2: No such file or directory), client: 172.19.0.1, server: localhost, request: "GET /page-inexistante-4 HTTP/1.1", host: "localhost"
2026/06/18 16:40:46 [error] 29#29: *6 open() "/usr/share/nginx/html/page-inexistante-5" failed (2: No such file or directory), client: 172.19.0.1, server: localhost, request: "GET /page-inexistante-5 HTTP/1.1", host: "localhost"
2026/06/18 16:54:34 [notice] 1#1: signal 3 (SIGQUIT) received, shutting down
2026/06/18 16:54:34 [notice] 30#30: gracefully shutting down
2026/06/18 16:54:34 [notice] 32#32: gracefully shutting down
2026/06/18 16:54:34 [notice] 31#31: gracefully shutting down
2026/06/18 16:54:34 [notice] 32#32: exiting
2026/06/18 16:54:34 [notice] 31#31: exiting
2026/06/18 16:54:34 [notice] 32#32: exit
2026/06/18 16:54:34 [notice] 31#31: exit
2026/06/18 16:54:34 [notice] 30#30: exiting
2026/06/18 16:54:34 [notice] 30#30: exit
2026/06/18 16:54:34 [notice] 29#29: gracefully shutting down
2026/06/18 16:54:34 [notice] 29#29: exiting
2026/06/18 16:54:34 [notice] 29#29: exit
2026/06/18 16:54:34 [notice] 1#1: signal 17 (SIGCHLD) received from 30
2026/06/18 16:54:34 [notice] 1#1: worker process 30 exited with code 0
2026/06/18 16:54:34 [notice] 1#1: signal 29 (SIGIO) received
2026/06/18 16:54:34 [notice] 1#1: signal 17 (SIGCHLD) received from 32
2026/06/18 16:54:34 [notice] 1#1: worker process 31 exited with code 0
2026/06/18 16:54:34 [notice] 1#1: worker process 32 exited with code 0
2026/06/18 16:54:34 [notice] 1#1: signal 29 (SIGIO) received
2026/06/18 16:54:34 [notice] 1#1: signal 17 (SIGCHLD) received from 29
2026/06/18 16:54:34 [notice] 1#1: worker process 29 exited with code 0
2026/06/18 16:54:34 [notice] 1#1: exit
